c:\trainings\windbg\resources\projects\usermode\misc\windowsappnormal\debug\vc142.pdb
c:\trainings\windbg\resources\projects\usermode\misc\windowsappnormal\debug\vc142.idb
c:\trainings\windbg\resources\projects\usermode\misc\windowsappnormal\debug\windowsappnormal.obj
d:\materials-20211027t224724z-001\materials\usermode\misc\windowsappnormal\debug\vc143.pdb
d:\materials-20211027t224724z-001\materials\usermode\misc\windowsappnormal\debug\vc143.idb
d:\materials-20211027t224724z-001\materials\usermode\misc\windowsappnormal\debug\windowsappnormal.obj
c:\trainings\windbg\resources\projects\usermode\misc\windowsappnormal\debug\windowsappnormal.exe
c:\trainings\windbg\resources\projects\usermode\misc\windowsappnormal\debug\windowsappnormal.ilk
c:\trainings\windbg\resources\projects\usermode\misc\windowsappnormal\debug\windowsappnormal.pdb
d:\materials-20211027t224724z-001\materials\usermode\misc\windowsappnormal\debug\windowsappnormal.ilk
d:\materials-20211027t224724z-001\materials\usermode\misc\windowsappnormal\debug\windowsappnormal.exe
d:\materials-20211027t224724z-001\materials\usermode\misc\windowsappnormal\debug\windowsappnormal.pdb
c:\trainings\windbg\resources\projects\usermode\misc\windowsappnormal\debug\windowsappnormal.res
d:\materials-20211027t224724z-001\materials\usermode\misc\windowsappnormal\debug\windowsappnormal.res
d:\materials-20211027t224724z-001\materials\usermode\misc\windowsappnormal\debug\vc142.idb
d:\materials-20211027t224724z-001\materials\usermode\misc\windowsappnormal\debug\vc142.pdb
d:\materials-20211027t224724z-001\materials\usermode\misc\windowsappnormal\debug\windowsappnormal.tlog\cl.command.1.tlog
d:\materials-20211027t224724z-001\materials\usermode\misc\windowsappnormal\debug\windowsappnormal.tlog\cl.items.tlog
d:\materials-20211027t224724z-001\materials\usermode\misc\windowsappnormal\debug\windowsappnormal.tlog\cl.read.1.tlog
d:\materials-20211027t224724z-001\materials\usermode\misc\windowsappnormal\debug\windowsappnormal.tlog\cl.write.1.tlog
d:\materials-20211027t224724z-001\materials\usermode\misc\windowsappnormal\debug\windowsappnormal.tlog\link.command.1.tlog
d:\materials-20211027t224724z-001\materials\usermode\misc\windowsappnormal\debug\windowsappnormal.tlog\link.read.1.tlog
d:\materials-20211027t224724z-001\materials\usermode\misc\windowsappnormal\debug\windowsappnormal.tlog\link.write.1.tlog
d:\materials-20211027t224724z-001\materials\usermode\misc\windowsappnormal\debug\windowsappnormal.tlog\rc.command.1.tlog
d:\materials-20211027t224724z-001\materials\usermode\misc\windowsappnormal\debug\windowsappnormal.tlog\rc.read.1.tlog
d:\materials-20211027t224724z-001\materials\usermode\misc\windowsappnormal\debug\windowsappnormal.tlog\rc.write.1.tlog
