Build started 31-10-2016 18:09:01.
     1>Project "C:\OneDrive\Docs\Consulting\Philips\Projects\Crash\StackCurruption\StackCurruption\StackCurruption.vcxproj" on node 2 (build target(s)).
     1>PrepareForBuild:
         Creating directory "C:\OneDrive\Docs\Consulting\Philips\Projects\Crash\StackCurruption\Debug\".
       InitializeBuildStatus:
         Creating "Debug\StackCurruption.unsuccessfulbuild" because "AlwaysCreate" was specified.
       ClCompile:
         C:\Program Files (x86)\Microsoft Visual Studio 10.0\VC\bin\CL.exe /c /ZI /nologo /W3 /WX- /Od /Oy- /D WIN32 /D _DEBUG /D _CONSOLE /D _UNICODE /D UNICODE /Gm /EHsc /RTC1 /MDd /GS /fp:precise /Zc:wchar_t /Zc:forScope /Yc"StdAfx.h" /Fp"Debug\StackCurruption.pch" /Fo"Debug\\" /Fd"Debug\vc100.pdb" /Gd /TP /analyze- /errorReport:prompt stdafx.cpp
         stdafx.cpp
         C:\Program Files (x86)\Microsoft Visual Studio 10.0\VC\bin\CL.exe /c /ZI /nologo /W3 /WX- /Od /Oy- /D WIN32 /D _DEBUG /D _CONSOLE /D _UNICODE /D UNICODE /Gm /EHsc /RTC1 /MDd /GS /fp:precise /Zc:wchar_t /Zc:forScope /Yu"StdAfx.h" /Fp"Debug\StackCurruption.pch" /Fo"Debug\\" /Fd"Debug\vc100.pdb" /Gd /TP /analyze- /errorReport:prompt StackCurruption.cpp
         StackCurruption.cpp
       ManifestResourceCompile:
         C:\Program Files (x86)\Microsoft SDKs\Windows\v7.0A\bin\rc.exe /nologo /fo"Debug\StackCurruption.exe.embed.manifest.res" Debug\StackCurruption_manifest.rc 
       Link:
         C:\Program Files (x86)\Microsoft Visual Studio 10.0\VC\bin\link.exe /ERRORREPORT:PROMPT /OUT:"C:\OneDrive\Docs\Consulting\Philips\Projects\Crash\StackCurruption\Debug\StackCurruption.exe" /INCREMENTAL /NOLOGO kernel32.lib user32.lib gdi32.lib winspool.lib comdlg32.lib advapi32.lib shell32.lib ole32.lib oleaut32.lib uuid.lib odbc32.lib odbccp32.lib /MANIFEST /ManifestFile:"Debug\StackCurruption.exe.intermediate.manifest" /MANIFESTUAC:"level='asInvoker' uiAccess='false'" /DEBUG /PDB:"C:\OneDrive\Docs\Consulting\Philips\Projects\Crash\StackCurruption\Debug\StackCurruption.pdb" /SUBSYSTEM:CONSOLE /TLBID:1 /DYNAMICBASE /NXCOMPAT /IMPLIB:"C:\OneDrive\Docs\Consulting\Philips\Projects\Crash\StackCurruption\Debug\StackCurruption.lib" /MACHINE:X86 Debug\StackCurruption.exe.embed.manifest.res
         Debug\StackCurruption.obj
         Debug\stdafx.obj
       Manifest:
         C:\Program Files (x86)\Microsoft SDKs\Windows\v7.0A\bin\mt.exe /nologo /verbose /out:"Debug\StackCurruption.exe.embed.manifest" /manifest Debug\StackCurruption.exe.intermediate.manifest
         C:\Program Files (x86)\Microsoft SDKs\Windows\v7.0A\bin\rc.exe /nologo /fo"Debug\StackCurruption.exe.embed.manifest.res" Debug\StackCurruption_manifest.rc 
       LinkEmbedManifest:
         C:\Program Files (x86)\Microsoft Visual Studio 10.0\VC\bin\link.exe /ERRORREPORT:PROMPT /OUT:"C:\OneDrive\Docs\Consulting\Philips\Projects\Crash\StackCurruption\Debug\StackCurruption.exe" /INCREMENTAL /NOLOGO kernel32.lib user32.lib gdi32.lib winspool.lib comdlg32.lib advapi32.lib shell32.lib ole32.lib oleaut32.lib uuid.lib odbc32.lib odbccp32.lib /MANIFEST /ManifestFile:"Debug\StackCurruption.exe.intermediate.manifest" /MANIFESTUAC:"level='asInvoker' uiAccess='false'" /DEBUG /PDB:"C:\OneDrive\Docs\Consulting\Philips\Projects\Crash\StackCurruption\Debug\StackCurruption.pdb" /SUBSYSTEM:CONSOLE /TLBID:1 /DYNAMICBASE /NXCOMPAT /IMPLIB:"C:\OneDrive\Docs\Consulting\Philips\Projects\Crash\StackCurruption\Debug\StackCurruption.lib" /MACHINE:X86 Debug\StackCurruption.exe.embed.manifest.res
         Debug\StackCurruption.obj
         Debug\stdafx.obj
         StackCurruption.vcxproj -> C:\OneDrive\Docs\Consulting\Philips\Projects\Crash\StackCurruption\Debug\StackCurruption.exe
       FinalizeBuildStatus:
         Deleting file "Debug\StackCurruption.unsuccessfulbuild".
         Touching "Debug\StackCurruption.lastbuildstate".
     1>Done Building Project "C:\OneDrive\Docs\Consulting\Philips\Projects\Crash\StackCurruption\StackCurruption\StackCurruption.vcxproj" (build target(s)).

Build succeeded.

Time Elapsed 00:00:01.59
