Build started 21-03-2017 07:01:03.
     1>Project "C:\OneDrive\Docs\Consulting\Philips\Projects\Crash\InvalidEIP\InvalidEIP\InvalidEIP.vcxproj" on node 2 (build target(s)).
     1>InitializeBuildStatus:
         Creating "Debug\InvalidEIP.unsuccessfulbuild" because "AlwaysCreate" was specified.
       ClCompile:
         C:\Program Files (x86)\Microsoft Visual Studio 10.0\VC\bin\CL.exe /c /ZI /nologo /W3 /WX- /Od /Oy- /D WIN32 /D _DEBUG /D _CONSOLE /D _UNICODE /D UNICODE /Gm /EHsc /RTC1 /MDd /GS /fp:precise /Zc:wchar_t /Zc:forScope /Yc"StdAfx.h" /Fp"Debug\InvalidEIP.pch" /Fo"Debug\\" /Fd"Debug\vc100.pdb" /Gd /TP /analyze- /errorReport:prompt stdafx.cpp
         stdafx.cpp
         C:\Program Files (x86)\Microsoft Visual Studio 10.0\VC\bin\CL.exe /c /ZI /nologo /W3 /WX- /Od /Oy- /D WIN32 /D _DEBUG /D _CONSOLE /D _UNICODE /D UNICODE /Gm /EHsc /RTC1 /MDd /GS /fp:precise /Zc:wchar_t /Zc:forScope /Yu"StdAfx.h" /Fp"Debug\InvalidEIP.pch" /Fo"Debug\\" /Fd"Debug\vc100.pdb" /Gd /TP /analyze- /errorReport:prompt InvalidEIP.cpp
         Skipping... (no relevant changes detected)
         InvalidEIP.cpp
       ManifestResourceCompile:
         All outputs are up-to-date.
       Link:
         C:\Program Files (x86)\Microsoft Visual Studio 10.0\VC\bin\link.exe /ERRORREPORT:PROMPT /OUT:"C:\OneDrive\Docs\Consulting\Philips\Projects\Crash\InvalidEIP\Debug\InvalidEIP.exe" /INCREMENTAL /NOLOGO kernel32.lib user32.lib gdi32.lib winspool.lib comdlg32.lib advapi32.lib shell32.lib ole32.lib oleaut32.lib uuid.lib odbc32.lib odbccp32.lib /MANIFEST /ManifestFile:"Debug\InvalidEIP.exe.intermediate.manifest" /MANIFESTUAC:"level='asInvoker' uiAccess='false'" /DEBUG /PDB:"C:\OneDrive\Docs\Consulting\Philips\Projects\Crash\InvalidEIP\Debug\InvalidEIP.pdb" /SUBSYSTEM:CONSOLE /TLBID:1 /DYNAMICBASE /NXCOMPAT /IMPLIB:"C:\OneDrive\Docs\Consulting\Philips\Projects\Crash\InvalidEIP\Debug\InvalidEIP.lib" /MACHINE:X86 Debug\InvalidEIP.exe.embed.manifest.res
         Debug\InvalidEIP.obj
         Debug\stdafx.obj
       Manifest:
         C:\Program Files (x86)\Microsoft SDKs\Windows\v7.0A\bin\mt.exe /nologo /verbose /out:"Debug\InvalidEIP.exe.embed.manifest" /manifest Debug\InvalidEIP.exe.intermediate.manifest
         All outputs are up-to-date.
       LinkEmbedManifest:
         All outputs are up-to-date.
         InvalidEIP.vcxproj -> C:\OneDrive\Docs\Consulting\Philips\Projects\Crash\InvalidEIP\Debug\InvalidEIP.exe
       FinalizeBuildStatus:
         Deleting file "Debug\InvalidEIP.unsuccessfulbuild".
         Touching "Debug\InvalidEIP.lastbuildstate".
     1>Done Building Project "C:\OneDrive\Docs\Consulting\Philips\Projects\Crash\InvalidEIP\InvalidEIP\InvalidEIP.vcxproj" (build target(s)).

Build succeeded.

Time Elapsed 00:00:03.77
