Build started 01-11-2016 00:38:01.
     1>Project "C:\OneDrive\Docs\Consulting\Philips\Projects\Crash\StackOverflow\StackOverflow\StackOverflow.vcxproj" on node 2 (build target(s)).
     1>InitializeBuildStatus:
         Creating "Debug\StackOverflow.unsuccessfulbuild" because "AlwaysCreate" was specified.
       ClCompile:
         All outputs are up-to-date.
         C:\Program Files (x86)\Microsoft Visual Studio 10.0\VC\bin\CL.exe /c /ZI /nologo /W3 /WX- /Od /Oy- /D WIN32 /D _DEBUG /D _CONSOLE /D _UNICODE /D UNICODE /Gm /EHsc /RTC1 /MDd /GS /fp:precise /Zc:wchar_t /Zc:forScope /Yu"StdAfx.h" /Fp"Debug\StackOverflow.pch" /Fo"Debug\\" /Fd"Debug\vc100.pdb" /Gd /TP /analyze- /errorReport:prompt StackOverflow.cpp
         StackOverflow.cpp
     1>c:\onedrive\docs\consulting\philips\projects\crash\stackoverflow\stackoverflow\stackoverflow.cpp(9): warning C4101: 'a' : unreferenced local variable
     1>c:\onedrive\docs\consulting\philips\projects\crash\stackoverflow\stackoverflow\stackoverflow.cpp(12): warning C4717: 'MyBadFun' : recursive on all control paths, function will cause runtime stack overflow
       ManifestResourceCompile:
         All outputs are up-to-date.
       Link:
         C:\Program Files (x86)\Microsoft Visual Studio 10.0\VC\bin\link.exe /ERRORREPORT:PROMPT /OUT:"C:\OneDrive\Docs\Consulting\Philips\Projects\Crash\StackOverflow\Debug\StackOverflow.exe" /INCREMENTAL /NOLOGO kernel32.lib user32.lib gdi32.lib winspool.lib comdlg32.lib advapi32.lib shell32.lib ole32.lib oleaut32.lib uuid.lib odbc32.lib odbccp32.lib /MANIFEST /ManifestFile:"Debug\StackOverflow.exe.intermediate.manifest" /MANIFESTUAC:"level='asInvoker' uiAccess='false'" /DEBUG /PDB:"C:\OneDrive\Docs\Consulting\Philips\Projects\Crash\StackOverflow\Debug\StackOverflow.pdb" /SUBSYSTEM:CONSOLE /TLBID:1 /DYNAMICBASE /NXCOMPAT /IMPLIB:"C:\OneDrive\Docs\Consulting\Philips\Projects\Crash\StackOverflow\Debug\StackOverflow.lib" /MACHINE:X86 Debug\StackOverflow.exe.embed.manifest.res
         Debug\StackOverflow.obj
         Debug\stdafx.obj
       Manifest:
         C:\Program Files (x86)\Microsoft SDKs\Windows\v7.0A\bin\mt.exe /nologo /verbose /out:"Debug\StackOverflow.exe.embed.manifest" /manifest Debug\StackOverflow.exe.intermediate.manifest
         All outputs are up-to-date.
       LinkEmbedManifest:
         All outputs are up-to-date.
         StackOverflow.vcxproj -> C:\OneDrive\Docs\Consulting\Philips\Projects\Crash\StackOverflow\Debug\StackOverflow.exe
       FinalizeBuildStatus:
         Deleting file "Debug\StackOverflow.unsuccessfulbuild".
         Touching "Debug\StackOverflow.lastbuildstate".
     1>Done Building Project "C:\OneDrive\Docs\Consulting\Philips\Projects\Crash\StackOverflow\StackOverflow\StackOverflow.vcxproj" (build target(s)).

Build succeeded.

Time Elapsed 00:00:00.38
