C:\ONEDRIVE\DOCS\CONSULTING\PHILIPS\PROJECTS\LEAKS\USERMODESTACKTRACE\DEBUG\USERMODESTACKTRACE.EXE
C:\ONEDRIVE\DOCS\CONSULTING\PHILIPS\PROJECTS\LEAKS\USERMODESTACKTRACE\DEBUG\USERMODESTACKTRACE.ILK
C:\ONEDRIVE\DOCS\CONSULTING\PHILIPS\PROJECTS\LEAKS\USERMODESTACKTRACE\DEBUG\USERMODESTACKTRACE.PDB
C:\OneDrive\Docs\Consulting\Philips\Projects\Leaks\UserModeStackTrace\UserModeStackTrace\Debug\cl.command.1.tlog
C:\OneDrive\Docs\Consulting\Philips\Projects\Leaks\UserModeStackTrace\UserModeStackTrace\Debug\CL.read.1.tlog
C:\OneDrive\Docs\Consulting\Philips\Projects\Leaks\UserModeStackTrace\UserModeStackTrace\Debug\CL.write.1.tlog
C:\OneDrive\Docs\Consulting\Philips\Projects\Leaks\UserModeStackTrace\UserModeStackTrace\Debug\link.33440.read.1.tlog
C:\OneDrive\Docs\Consulting\Philips\Projects\Leaks\UserModeStackTrace\UserModeStackTrace\Debug\link.33440.write.1.tlog
C:\OneDrive\Docs\Consulting\Philips\Projects\Leaks\UserModeStackTrace\UserModeStackTrace\Debug\link.33440-cvtres.read.1.tlog
C:\OneDrive\Docs\Consulting\Philips\Projects\Leaks\UserModeStackTrace\UserModeStackTrace\Debug\link.33440-cvtres.write.1.tlog
C:\OneDrive\Docs\Consulting\Philips\Projects\Leaks\UserModeStackTrace\UserModeStackTrace\Debug\link.command.1.tlog
C:\OneDrive\Docs\Consulting\Philips\Projects\Leaks\UserModeStackTrace\UserModeStackTrace\Debug\link.read.1.tlog
C:\OneDrive\Docs\Consulting\Philips\Projects\Leaks\UserModeStackTrace\UserModeStackTrace\Debug\link.write.1.tlog
C:\OneDrive\Docs\Consulting\Philips\Projects\Leaks\UserModeStackTrace\UserModeStackTrace\Debug\link-cvtres.read.1.tlog
C:\OneDrive\Docs\Consulting\Philips\Projects\Leaks\UserModeStackTrace\UserModeStackTrace\Debug\link-cvtres.write.1.tlog
C:\OneDrive\Docs\Consulting\Philips\Projects\Leaks\UserModeStackTrace\UserModeStackTrace\Debug\mt.command.1.tlog
C:\OneDrive\Docs\Consulting\Philips\Projects\Leaks\UserModeStackTrace\UserModeStackTrace\Debug\mt.read.1.tlog
C:\OneDrive\Docs\Consulting\Philips\Projects\Leaks\UserModeStackTrace\UserModeStackTrace\Debug\mt.write.1.tlog
C:\OneDrive\Docs\Consulting\Philips\Projects\Leaks\UserModeStackTrace\UserModeStackTrace\Debug\rc.command.1.tlog
C:\OneDrive\Docs\Consulting\Philips\Projects\Leaks\UserModeStackTrace\UserModeStackTrace\Debug\rc.read.1.tlog
C:\OneDrive\Docs\Consulting\Philips\Projects\Leaks\UserModeStackTrace\UserModeStackTrace\Debug\rc.write.1.tlog
C:\ONEDRIVE\DOCS\CONSULTING\PHILIPS\PROJECTS\LEAKS\USERMODESTACKTRACE\USERMODESTACKTRACE\DEBUG\STDAFX.OBJ
C:\ONEDRIVE\DOCS\CONSULTING\PHILIPS\PROJECTS\LEAKS\USERMODESTACKTRACE\USERMODESTACKTRACE\DEBUG\USERMODESTACKTRACE.EXE.EMBED.MANIFEST
C:\ONEDRIVE\DOCS\CONSULTING\PHILIPS\PROJECTS\LEAKS\USERMODESTACKTRACE\USERMODESTACKTRACE\DEBUG\USERMODESTACKTRACE.EXE.EMBED.MANIFEST.RES
C:\ONEDRIVE\DOCS\CONSULTING\PHILIPS\PROJECTS\LEAKS\USERMODESTACKTRACE\USERMODESTACKTRACE\DEBUG\USERMODESTACKTRACE.EXE.INTERMEDIATE.MANIFEST
C:\ONEDRIVE\DOCS\CONSULTING\PHILIPS\PROJECTS\LEAKS\USERMODESTACKTRACE\USERMODESTACKTRACE\DEBUG\USERMODESTACKTRACE.OBJ
C:\ONEDRIVE\DOCS\CONSULTING\PHILIPS\PROJECTS\LEAKS\USERMODESTACKTRACE\USERMODESTACKTRACE\DEBUG\USERMODESTACKTRACE.PCH
C:\OneDrive\Docs\Consulting\Philips\Projects\Leaks\UserModeStackTrace\UserModeStackTrace\Debug\UserModeStackTrace.vcxprojResolveAssemblyReference.cache
C:\OneDrive\Docs\Consulting\Philips\Projects\Leaks\UserModeStackTrace\UserModeStackTrace\Debug\UserModeStackTrace.write.1.tlog
C:\OneDrive\Docs\Consulting\Philips\Projects\Leaks\UserModeStackTrace\UserModeStackTrace\Debug\UserModeStackTrace_manifest.rc
C:\OneDrive\Docs\Consulting\Philips\Projects\Leaks\UserModeStackTrace\UserModeStackTrace\Debug\vc100.idb
C:\ONEDRIVE\DOCS\CONSULTING\PHILIPS\PROJECTS\LEAKS\USERMODESTACKTRACE\USERMODESTACKTRACE\DEBUG\VC100.PDB
