c:\onedrive\docs\consulting\philips\projects\crash\heapcurruption\heapcurruption\debug\heapcurruption.pch
c:\onedrive\docs\consulting\philips\projects\crash\heapcurruption\heapcurruption\debug\stdafx.obj
c:\onedrive\docs\consulting\philips\projects\crash\heapcurruption\heapcurruption\debug\vc100.pdb
c:\onedrive\docs\consulting\philips\projects\crash\heapcurruption\heapcurruption\debug\heapcurruption.obj
c:\onedrive\docs\consulting\philips\projects\crash\heapcurruption\debug\heapcurruption.ilk
c:\onedrive\docs\consulting\philips\projects\crash\heapcurruption\debug\heapcurruption.exe
c:\onedrive\docs\consulting\philips\projects\crash\heapcurruption\heapcurruption\debug\heapcurruption.exe.intermediate.manifest
c:\onedrive\docs\consulting\philips\projects\crash\heapcurruption\debug\heapcurruption.pdb
c:\onedrive\docs\consulting\philips\projects\crash\heapcurruption\heapcurruption\debug\heapcurruption.exe.embed.manifest
c:\onedrive\docs\consulting\philips\projects\crash\heapcurruption\heapcurruption\debug\heapcurruption.exe.embed.manifest.res
d:\materials-20211027t224724z-001\materials\usermode\crash\heapcurruption\heapcurruption\debug\heapcurruption.pch
d:\materials-20211027t224724z-001\materials\usermode\crash\heapcurruption\heapcurruption\debug\vc143.pdb
d:\materials-20211027t224724z-001\materials\usermode\crash\heapcurruption\heapcurruption\debug\vc143.idb
d:\materials-20211027t224724z-001\materials\usermode\crash\heapcurruption\heapcurruption\debug\stdafx.obj
d:\materials-20211027t224724z-001\materials\usermode\crash\heapcurruption\heapcurruption\debug\heapcurruption.obj
d:\materials-20211027t224724z-001\materials\usermode\crash\heapcurruption\heapcurruption\debug\heapcurruption.vcxprojresolveassemblyreference.cache
d:\materials-20211027t224724z-001\materials\usermode\crash\heapcurruption\heapcurruption\debug\cl.command.1.tlog
d:\materials-20211027t224724z-001\materials\usermode\crash\heapcurruption\heapcurruption\debug\cl.read.1.tlog
d:\materials-20211027t224724z-001\materials\usermode\crash\heapcurruption\heapcurruption\debug\cl.write.1.tlog
d:\materials-20211027t224724z-001\materials\usermode\crash\heapcurruption\heapcurruption\debug\heapcurruption.write.1.tlog
d:\materials-20211027t224724z-001\materials\usermode\crash\heapcurruption\heapcurruption\debug\link-cvtres.read.1.tlog
d:\materials-20211027t224724z-001\materials\usermode\crash\heapcurruption\heapcurruption\debug\link-cvtres.write.1.tlog
d:\materials-20211027t224724z-001\materials\usermode\crash\heapcurruption\heapcurruption\debug\link.752-cvtres.read.1.tlog
d:\materials-20211027t224724z-001\materials\usermode\crash\heapcurruption\heapcurruption\debug\link.752-cvtres.write.1.tlog
d:\materials-20211027t224724z-001\materials\usermode\crash\heapcurruption\heapcurruption\debug\link.752.read.1.tlog
d:\materials-20211027t224724z-001\materials\usermode\crash\heapcurruption\heapcurruption\debug\link.752.write.1.tlog
d:\materials-20211027t224724z-001\materials\usermode\crash\heapcurruption\heapcurruption\debug\link.command.1.tlog
d:\materials-20211027t224724z-001\materials\usermode\crash\heapcurruption\heapcurruption\debug\link.read.1.tlog
d:\materials-20211027t224724z-001\materials\usermode\crash\heapcurruption\heapcurruption\debug\link.write.1.tlog
d:\materials-20211027t224724z-001\materials\usermode\crash\heapcurruption\heapcurruption\debug\mt.command.1.tlog
d:\materials-20211027t224724z-001\materials\usermode\crash\heapcurruption\heapcurruption\debug\mt.read.1.tlog
d:\materials-20211027t224724z-001\materials\usermode\crash\heapcurruption\heapcurruption\debug\mt.write.1.tlog
d:\materials-20211027t224724z-001\materials\usermode\crash\heapcurruption\heapcurruption\debug\rc.command.1.tlog
d:\materials-20211027t224724z-001\materials\usermode\crash\heapcurruption\heapcurruption\debug\rc.read.1.tlog
d:\materials-20211027t224724z-001\materials\usermode\crash\heapcurruption\heapcurruption\debug\rc.write.1.tlog
d:\materials-20211027t224724z-001\materials\usermode\crash\heapcurruption\heapcurruption\debug\heapcurruption.exe.embed.manifest
d:\materials-20211027t224724z-001\materials\usermode\crash\heapcurruption\heapcurruption\debug\heapcurruption.exe.embed.manifest.res
d:\materials-20211027t224724z-001\materials\usermode\crash\heapcurruption\heapcurruption\debug\vc100.idb
d:\materials-20211027t224724z-001\materials\usermode\crash\heapcurruption\heapcurruption\debug\vc100.pdb
d:\materials-20211027t224724z-001\materials\usermode\crash\heapcurruption\heapcurruption\debug\heapcurruption_manifest.rc
d:\materials-20211027t224724z-001\materials\usermode\crash\heapcurruption\heapcurruption\debug\heapcurruption.exe.intermediate.manifest.xml
d:\materials-20211027t224724z-001\materials\usermode\crash\heapcurruption\debug\heapcurruption.pdb
d:\materials-20211027t224724z-001\materials\usermode\crash\heapcurruption\debug\heapcurruption.ilk
d:\materials-20211027t224724z-001\materials\usermode\crash\heapcurruption\heapcurruption\debug\heapcurruption.tlog\cl.command.1.tlog
d:\materials-20211027t224724z-001\materials\usermode\crash\heapcurruption\heapcurruption\debug\heapcurruption.tlog\cl.read.1.tlog
d:\materials-20211027t224724z-001\materials\usermode\crash\heapcurruption\heapcurruption\debug\heapcurruption.tlog\cl.write.1.tlog
d:\materials-20211027t224724z-001\materials\usermode\crash\heapcurruption\heapcurruption\debug\heapcurruption.tlog\link-cvtres.read.1.tlog
d:\materials-20211027t224724z-001\materials\usermode\crash\heapcurruption\heapcurruption\debug\heapcurruption.tlog\link-cvtres.write.1.tlog
d:\materials-20211027t224724z-001\materials\usermode\crash\heapcurruption\heapcurruption\debug\heapcurruption.tlog\link-rc.read.1.tlog
d:\materials-20211027t224724z-001\materials\usermode\crash\heapcurruption\heapcurruption\debug\heapcurruption.tlog\link-rc.write.1.tlog
d:\materials-20211027t224724z-001\materials\usermode\crash\heapcurruption\heapcurruption\debug\heapcurruption.tlog\link.command.1.tlog
d:\materials-20211027t224724z-001\materials\usermode\crash\heapcurruption\heapcurruption\debug\heapcurruption.tlog\link.read.1.tlog
d:\materials-20211027t224724z-001\materials\usermode\crash\heapcurruption\heapcurruption\debug\heapcurruption.tlog\link.write.1.tlog
