c:\trainings\windbg\resources\drvsrc\src\general\ioctl\wdm\sys\debug\vc142.pdb
c:\trainings\windbg\resources\drvsrc\src\general\ioctl\wdm\sys\debug\sioctl.obj
c:\trainings\windbg\resources\drvsrc\src\general\ioctl\wdm\sys\debug\issues.obj
c:\trainings\windbg\resources\drvsrc\src\general\ioctl\wdm\sys\debug\sioctl.sys
c:\trainings\windbg\resources\drvsrc\src\general\ioctl\wdm\sys\debug\sioctl.pdb
c:\trainings\windbg\resources\drvsrc\src\general\ioctl\wdm\sys\debug\sioctl.res
c:\trainings\windbg\resources\drvsrc\src\general\ioctl\wdm\sys\debug\sioctl.tlog\cl.command.1.tlog
c:\trainings\windbg\resources\drvsrc\src\general\ioctl\wdm\sys\debug\sioctl.tlog\cl.read.1.tlog
c:\trainings\windbg\resources\drvsrc\src\general\ioctl\wdm\sys\debug\sioctl.tlog\cl.write.1.tlog
c:\trainings\windbg\resources\drvsrc\src\general\ioctl\wdm\sys\debug\sioctl.tlog\link.command.1.tlog
c:\trainings\windbg\resources\drvsrc\src\general\ioctl\wdm\sys\debug\sioctl.tlog\link.delete.1.tlog
c:\trainings\windbg\resources\drvsrc\src\general\ioctl\wdm\sys\debug\sioctl.tlog\link.read.1.tlog
c:\trainings\windbg\resources\drvsrc\src\general\ioctl\wdm\sys\debug\sioctl.tlog\link.write.1.tlog
c:\trainings\windbg\resources\drvsrc\src\general\ioctl\wdm\sys\debug\sioctl.tlog\rc.command.1.tlog
c:\trainings\windbg\resources\drvsrc\src\general\ioctl\wdm\sys\debug\sioctl.tlog\rc.read.1.tlog
c:\trainings\windbg\resources\drvsrc\src\general\ioctl\wdm\sys\debug\sioctl.tlog\rc.write.1.tlog
c:\trainings\windbg\resources\drvsrc\src\general\ioctl\wdm\sys\debug\sioctl.tlog\signtool.command.1.tlog
c:\trainings\windbg\resources\drvsrc\src\general\ioctl\wdm\sys\debug\sioctl.tlog\signtool.read.1.tlog
c:\trainings\windbg\resources\drvsrc\src\general\ioctl\wdm\sys\debug\sioctl.tlog\signtool.timestamp.1.tlog
c:\trainings\windbg\resources\drvsrc\src\general\ioctl\wdm\sys\debug\sioctl.tlog\signtool.write.1.tlog
