c:\trainings\windbg\resources\projects\usermode\misc\cppfromwindbg\debug\vc142.pdb
c:\trainings\windbg\resources\projects\usermode\misc\cppfromwindbg\debug\vc142.idb
c:\trainings\windbg\resources\projects\usermode\misc\cppfromwindbg\debug\cppfromwindbg.obj
c:\trainings\windbg\resources\projects\usermode\hang\loaderlock\debug\vc142.pdb
c:\trainings\windbg\resources\projects\usermode\hang\loaderlock\debug\vc142.idb
c:\trainings\windbg\resources\projects\usermode\hang\loaderlock\debug\cppfromwindbg.obj
d:\materials-20211027t224724z-001\materials\usermode\hang\loaderlock\debug\vc143.pdb
d:\materials-20211027t224724z-001\materials\usermode\hang\loaderlock\debug\vc143.idb
d:\materials-20211027t224724z-001\materials\usermode\hang\loaderlock\debug\cppfromwindbg.obj
c:\trainings\windbg\resources\projects\usermode\misc\cppfromwindbg\debug\cppfromwindbg.ilk
c:\trainings\windbg\resources\projects\usermode\misc\cppfromwindbg\debug\cppfromwindbg.exe
c:\trainings\windbg\resources\projects\usermode\misc\cppfromwindbg\debug\cppfromwindbg.pdb
c:\trainings\windbg\resources\projects\usermode\hang\loaderlock\debug\cppfromwindbg.exe
c:\trainings\windbg\resources\projects\usermode\hang\loaderlock\debug\cppfromwindbg.ilk
c:\trainings\windbg\resources\projects\usermode\hang\loaderlock\debug\cppfromwindbg.pdb
d:\materials-20211027t224724z-001\materials\usermode\hang\loaderlock\debug\cppdll.ilk
d:\materials-20211027t224724z-001\materials\usermode\hang\loaderlock\debug\cppdll.exp
d:\materials-20211027t224724z-001\materials\usermode\hang\loaderlock\debug\vc142.idb
d:\materials-20211027t224724z-001\materials\usermode\hang\loaderlock\debug\cppdll.pdb
d:\materials-20211027t224724z-001\materials\usermode\hang\loaderlock\debug\cppfromwindbg.pdb
d:\materials-20211027t224724z-001\materials\usermode\hang\loaderlock\debug\vc142.pdb
d:\materials-20211027t224724z-001\materials\usermode\hang\loaderlock\debug\cppfromwindbg.tlog\cl.command.1.tlog
d:\materials-20211027t224724z-001\materials\usermode\hang\loaderlock\debug\cppfromwindbg.tlog\cl.read.1.tlog
d:\materials-20211027t224724z-001\materials\usermode\hang\loaderlock\debug\cppfromwindbg.tlog\cl.write.1.tlog
d:\materials-20211027t224724z-001\materials\usermode\hang\loaderlock\debug\cppfromwindbg.tlog\link.command.1.tlog
d:\materials-20211027t224724z-001\materials\usermode\hang\loaderlock\debug\cppfromwindbg.tlog\link.read.1.tlog
d:\materials-20211027t224724z-001\materials\usermode\hang\loaderlock\debug\cppfromwindbg.tlog\link.write.1.tlog
