c:\onedrive\docs\consulting\philips\projects\crash\stackoverflow\stackoverflow\debug\stackoverflow.pch
c:\onedrive\docs\consulting\philips\projects\crash\stackoverflow\stackoverflow\debug\stdafx.obj
c:\onedrive\docs\consulting\philips\projects\crash\stackoverflow\stackoverflow\debug\vc100.pdb
c:\onedrive\docs\consulting\philips\projects\crash\stackoverflow\stackoverflow\debug\stackoverflow.obj
c:\onedrive\docs\consulting\philips\projects\crash\stackoverflow\debug\stackoverflow.ilk
c:\onedrive\docs\consulting\philips\projects\crash\stackoverflow\debug\stackoverflow.exe
c:\onedrive\docs\consulting\philips\projects\crash\stackoverflow\stackoverflow\debug\stackoverflow.exe.intermediate.manifest
c:\onedrive\docs\consulting\philips\projects\crash\stackoverflow\debug\stackoverflow.pdb
c:\onedrive\docs\consulting\philips\projects\crash\stackoverflow\stackoverflow\debug\stackoverflow.exe.embed.manifest
c:\onedrive\docs\consulting\philips\projects\crash\stackoverflow\stackoverflow\debug\stackoverflow.exe.embed.manifest.res
c:\users\admin\downloads\materials\usermode\crash\stackoverflow\stackoverflow\debug\stackoverflow.obj
c:\users\admin\downloads\materials\usermode\crash\stackoverflow\stackoverflow\debug\stdafx.obj
c:\users\admin\downloads\materials\usermode\crash\stackoverflow\stackoverflow\debug\cl.command.1.tlog
c:\users\admin\downloads\materials\usermode\crash\stackoverflow\stackoverflow\debug\cl.read.1.tlog
c:\users\admin\downloads\materials\usermode\crash\stackoverflow\stackoverflow\debug\cl.write.1.tlog
c:\users\admin\downloads\materials\usermode\crash\stackoverflow\stackoverflow\debug\link-cvtres.read.1.tlog
c:\users\admin\downloads\materials\usermode\crash\stackoverflow\stackoverflow\debug\link-cvtres.write.1.tlog
c:\users\admin\downloads\materials\usermode\crash\stackoverflow\stackoverflow\debug\link.34300-cvtres.read.1.tlog
c:\users\admin\downloads\materials\usermode\crash\stackoverflow\stackoverflow\debug\link.34300-cvtres.write.1.tlog
c:\users\admin\downloads\materials\usermode\crash\stackoverflow\stackoverflow\debug\link.34300.read.1.tlog
c:\users\admin\downloads\materials\usermode\crash\stackoverflow\stackoverflow\debug\link.34300.write.1.tlog
c:\users\admin\downloads\materials\usermode\crash\stackoverflow\stackoverflow\debug\link.command.1.tlog
c:\users\admin\downloads\materials\usermode\crash\stackoverflow\stackoverflow\debug\link.read.1.tlog
c:\users\admin\downloads\materials\usermode\crash\stackoverflow\stackoverflow\debug\link.write.1.tlog
c:\users\admin\downloads\materials\usermode\crash\stackoverflow\stackoverflow\debug\mt.command.1.tlog
c:\users\admin\downloads\materials\usermode\crash\stackoverflow\stackoverflow\debug\mt.read.1.tlog
c:\users\admin\downloads\materials\usermode\crash\stackoverflow\stackoverflow\debug\mt.write.1.tlog
c:\users\admin\downloads\materials\usermode\crash\stackoverflow\stackoverflow\debug\rc.command.1.tlog
c:\users\admin\downloads\materials\usermode\crash\stackoverflow\stackoverflow\debug\rc.read.1.tlog
c:\users\admin\downloads\materials\usermode\crash\stackoverflow\stackoverflow\debug\rc.write.1.tlog
c:\users\admin\downloads\materials\usermode\crash\stackoverflow\stackoverflow\debug\stackoverflow.write.1.tlog
c:\users\admin\downloads\materials\usermode\crash\stackoverflow\stackoverflow\debug\stackoverflow.exe.embed.manifest
c:\users\admin\downloads\materials\usermode\crash\stackoverflow\stackoverflow\debug\stackoverflow.exe.embed.manifest.res
c:\users\admin\downloads\materials\usermode\crash\stackoverflow\stackoverflow\debug\vc100.idb
c:\users\admin\downloads\materials\usermode\crash\stackoverflow\stackoverflow\debug\vc100.pdb
c:\users\admin\downloads\materials\usermode\crash\stackoverflow\stackoverflow\debug\stackoverflow_manifest.rc
c:\users\admin\downloads\materials\usermode\crash\stackoverflow\stackoverflow\debug\stackoverflow.exe.intermediate.manifest.xml
c:\users\admin\downloads\materials\usermode\crash\stackoverflow\debug\stackoverflow.pdb
c:\users\admin\downloads\materials\usermode\crash\stackoverflow\debug\stackoverflow.ilk
