c:\onedrive\docs\consulting\philips\projects\crash\heapcurruption\heapcurruption\release\heapcurruption.pch
c:\onedrive\docs\consulting\philips\projects\crash\heapcurruption\heapcurruption\release\stdafx.obj
c:\onedrive\docs\consulting\philips\projects\crash\heapcurruption\heapcurruption\release\vc100.pdb
c:\onedrive\docs\consulting\philips\projects\crash\heapcurruption\heapcurruption\release\heapcurruption.obj
c:\onedrive\docs\consulting\philips\projects\crash\heapcurruption\release\heapcurruption.exe
c:\onedrive\docs\consulting\philips\projects\crash\heapcurruption\heapcurruption\release\heapcurruption.exe.intermediate.manifest
c:\onedrive\docs\consulting\philips\projects\crash\heapcurruption\release\heapcurruption.pdb
c:\trainings\windbg\resources\projects\usermode\crash\heapcurruption\heapcurruption\release\heapcurruption.pch
c:\trainings\windbg\resources\projects\usermode\crash\heapcurruption\heapcurruption\release\vc142.pdb
c:\trainings\windbg\resources\projects\usermode\crash\heapcurruption\heapcurruption\release\stdafx.obj
c:\trainings\windbg\resources\projects\usermode\crash\heapcurruption\heapcurruption\release\heapcurruption.obj
c:\trainings\windbg\resources\projects\usermode\crash\heapcurruption\release\heapcurruption.ipdb
c:\trainings\windbg\resources\projects\usermode\crash\heapcurruption\release\heapcurruption.iobj
c:\trainings\windbg\resources\projects\usermode\crash\heapcurruption\release\heapcurruption.exe
c:\trainings\windbg\resources\projects\usermode\crash\heapcurruption\release\heapcurruption.pdb
c:\trainings\windbg\resources\projects\usermode\crash\heapcurruption\heapcurruption\release\heapcurruption.vcxprojresolveassemblyreference.cache
c:\trainings\windbg\resources\projects\usermode\crash\heapcurruption\heapcurruption\release\cl.command.1.tlog
c:\trainings\windbg\resources\projects\usermode\crash\heapcurruption\heapcurruption\release\cl.read.1.tlog
c:\trainings\windbg\resources\projects\usermode\crash\heapcurruption\heapcurruption\release\cl.write.1.tlog
c:\trainings\windbg\resources\projects\usermode\crash\heapcurruption\heapcurruption\release\heapcurruption.write.1.tlog
c:\trainings\windbg\resources\projects\usermode\crash\heapcurruption\heapcurruption\release\link.command.1.tlog
c:\trainings\windbg\resources\projects\usermode\crash\heapcurruption\heapcurruption\release\link.read.1.tlog
c:\trainings\windbg\resources\projects\usermode\crash\heapcurruption\heapcurruption\release\link.write.1.tlog
c:\trainings\windbg\resources\projects\usermode\crash\heapcurruption\heapcurruption\release\mt.command.1.tlog
c:\trainings\windbg\resources\projects\usermode\crash\heapcurruption\heapcurruption\release\mt.read.1.tlog
c:\trainings\windbg\resources\projects\usermode\crash\heapcurruption\heapcurruption\release\mt.write.1.tlog
c:\trainings\windbg\resources\projects\usermode\crash\heapcurruption\heapcurruption\release\heapcurruption.exe.intermediate.manifest
c:\trainings\windbg\resources\projects\usermode\crash\heapcurruption\heapcurruption\release\vc100.pdb
c:\trainings\windbg\resources\projects\usermode\crash\heapcurruption\heapcurruption\release\heapcurruption.tlog\cl.command.1.tlog
c:\trainings\windbg\resources\projects\usermode\crash\heapcurruption\heapcurruption\release\heapcurruption.tlog\cl.read.1.tlog
c:\trainings\windbg\resources\projects\usermode\crash\heapcurruption\heapcurruption\release\heapcurruption.tlog\cl.write.1.tlog
c:\trainings\windbg\resources\projects\usermode\crash\heapcurruption\heapcurruption\release\heapcurruption.tlog\heapcurruption.write.1u.tlog
c:\trainings\windbg\resources\projects\usermode\crash\heapcurruption\heapcurruption\release\heapcurruption.tlog\link.command.1.tlog
c:\trainings\windbg\resources\projects\usermode\crash\heapcurruption\heapcurruption\release\heapcurruption.tlog\link.delete.1.tlog
c:\trainings\windbg\resources\projects\usermode\crash\heapcurruption\heapcurruption\release\heapcurruption.tlog\link.read.1.tlog
c:\trainings\windbg\resources\projects\usermode\crash\heapcurruption\heapcurruption\release\heapcurruption.tlog\link.write.1.tlog
