Build started 16-01-2017 00:43:28.
     1>Project "C:\OneDrive\Docs\Consulting\Philips\Projects\Crash\ManagedHeapCurruption\CurruptionNativeDll\CurruptionNativeDll.vcxproj" on node 2 (build target(s)).
     1>C:\Program Files (x86)\MSBuild\Microsoft.Cpp\v4.0\Microsoft.CppBuild.targets(299,5): warning MSB8004: Output Directory does not end with a trailing slash.  This build instance will add the slash as it is required to allow proper evaluation of the Output Directory.
     1>InitializeBuildStatus:
         Creating "Debug\CurruptionNativeDll.unsuccessfulbuild" because "AlwaysCreate" was specified.
       ClCompile:
         All outputs are up-to-date.
         C:\Program Files (x86)\Microsoft Visual Studio 10.0\VC\bin\CL.exe /c /ZI /nologo /W3 /WX- /Od /Oy- /D WIN32 /D _DEBUG /D _WINDOWS /D _USRDLL /D CURRUPTIONNATIVEDLL_EXPORTS /D _WINDLL /D _UNICODE /D UNICODE /Gm /EHsc /RTC1 /MDd /GS /fp:precise /Zc:wchar_t /Zc:forScope /Yu"StdAfx.h" /Fp"Debug\CurruptionNativeDll.pch" /Fo"Debug\\" /Fd"Debug\vc100.pdb" /Gd /TP /analyze- /errorReport:prompt CurruptionNativeDll.cpp
         CurruptionNativeDll.cpp
         All outputs are up-to-date.
       ManifestResourceCompile:
         All outputs are up-to-date.
       Link:
         C:\Program Files (x86)\Microsoft Visual Studio 10.0\VC\bin\link.exe /ERRORREPORT:PROMPT /OUT:"C:\OneDrive\Docs\Consulting\Philips\Projects\Crash\ManagedHeapCurruption\Debug\..\ManagedHeapCurruption\bin\Debug\CurruptionNativeDll.dll" /INCREMENTAL /NOLOGO kernel32.lib user32.lib gdi32.lib winspool.lib comdlg32.lib advapi32.lib shell32.lib ole32.lib oleaut32.lib uuid.lib odbc32.lib odbccp32.lib /MANIFEST /ManifestFile:"Debug\CurruptionNativeDll.dll.intermediate.manifest" /MANIFESTUAC:"level='asInvoker' uiAccess='false'" /DEBUG /PDB:"C:\OneDrive\Docs\Consulting\Philips\Projects\Crash\ManagedHeapCurruption\ManagedHeapCurruption\bin\Debug\CurruptionNativeDll.pdb" /SUBSYSTEM:WINDOWS /TLBID:1 /DYNAMICBASE /NXCOMPAT /IMPLIB:"C:\OneDrive\Docs\Consulting\Philips\Projects\Crash\ManagedHeapCurruption\Debug\..\ManagedHeapCurruption\bin\Debug\CurruptionNativeDll.lib" /MACHINE:X86 /DLL Debug\CurruptionNativeDll.dll.embed.manifest.res
         Debug\CurruptionNativeDll.obj
         Debug\dllmain.obj
         Debug\stdafx.obj
       Manifest:
         C:\Program Files (x86)\Microsoft SDKs\Windows\v7.0A\bin\mt.exe /nologo /verbose /out:"Debug\CurruptionNativeDll.dll.embed.manifest" /manifest Debug\CurruptionNativeDll.dll.intermediate.manifest
         All outputs are up-to-date.
       LinkEmbedManifest:
         All outputs are up-to-date.
         CurruptionNativeDll.vcxproj -> C:\OneDrive\Docs\Consulting\Philips\Projects\Crash\ManagedHeapCurruption\Debug\..\ManagedHeapCurruption\bin\Debug\CurruptionNativeDll.dll
       FinalizeBuildStatus:
         Deleting file "Debug\CurruptionNativeDll.unsuccessfulbuild".
         Touching "Debug\CurruptionNativeDll.lastbuildstate".
     1>Done Building Project "C:\OneDrive\Docs\Consulting\Philips\Projects\Crash\ManagedHeapCurruption\CurruptionNativeDll\CurruptionNativeDll.vcxproj" (build target(s)).

Build succeeded.

Time Elapsed 00:00:00.44
