  stdafx.cpp
  HelloWorld.cpp
C:\Trainings\Windbg\Resources\Projects\Existing\WindbgIntro\ForBreakPoints\HelloWorld\HelloWorld.cpp(30,40): warning C4305: '+=': truncation from 'double' to 'float'
C:\Trainings\Windbg\Resources\Projects\Existing\WindbgIntro\ForBreakPoints\HelloWorld\HelloWorld.cpp(31,44): warning C4305: '+=': truncation from 'double' to 'float'
C:\Trainings\Windbg\Resources\Projects\Existing\WindbgIntro\ForBreakPoints\HelloWorld\HelloWorld.cpp(32,25): warning C4244: 'initializing': conversion from 'double' to 'float', possible loss of data
C:\Trainings\Windbg\Resources\Projects\Existing\WindbgIntro\ForBreakPoints\HelloWorld\HelloWorld.cpp(33,25): warning C4244: 'initializing': conversion from 'double' to 'float', possible loss of data
C:\Trainings\Windbg\Resources\Projects\Existing\WindbgIntro\ForBreakPoints\HelloWorld\HelloWorld.cpp(34,25): warning C4244: 'initializing': conversion from 'double' to 'float', possible loss of data
C:\Trainings\Windbg\Resources\Projects\Existing\WindbgIntro\ForBreakPoints\HelloWorld\HelloWorld.cpp(35,25): warning C4244: 'initializing': conversion from 'double' to 'float', possible loss of data
C:\Trainings\Windbg\Resources\Projects\Existing\WindbgIntro\ForBreakPoints\HelloWorld\HelloWorld.cpp(36,25): warning C4244: 'initializing': conversion from 'double' to 'float', possible loss of data
C:\Trainings\Windbg\Resources\Projects\Existing\WindbgIntro\ForBreakPoints\HelloWorld\HelloWorld.cpp(39,25): warning C4244: 'initializing': conversion from 'double' to 'float', possible loss of data
C:\Trainings\Windbg\Resources\Projects\Existing\WindbgIntro\ForBreakPoints\HelloWorld\HelloWorld.cpp(40,25): warning C4244: 'initializing': conversion from 'double' to 'float', possible loss of data
C:\Trainings\Windbg\Resources\Projects\Existing\WindbgIntro\ForBreakPoints\HelloWorld\HelloWorld.cpp(41,25): warning C4244: 'initializing': conversion from 'double' to 'float', possible loss of data
C:\Trainings\Windbg\Resources\Projects\Existing\WindbgIntro\ForBreakPoints\HelloWorld\HelloWorld.cpp(43,23): warning C4244: 'initializing': conversion from 'float' to 'int', possible loss of data
C:\Trainings\Windbg\Resources\Projects\Existing\WindbgIntro\ForBreakPoints\HelloWorld\HelloWorld.cpp(44,23): warning C4244: 'initializing': conversion from 'float' to 'int', possible loss of data
C:\Trainings\Windbg\Resources\Projects\Existing\WindbgIntro\ForBreakPoints\HelloWorld\HelloWorld.cpp(46,23): warning C4244: 'initializing': conversion from 'float' to 'int', possible loss of data
C:\Trainings\Windbg\Resources\Projects\Existing\WindbgIntro\ForBreakPoints\HelloWorld\HelloWorld.cpp(56,25): warning C4305: '+=': truncation from 'double' to 'float'
C:\Trainings\Windbg\Resources\Projects\Existing\WindbgIntro\ForBreakPoints\HelloWorld\HelloWorld.cpp(57,25): warning C4305: '+=': truncation from 'double' to 'float'
  Generating code
  Previous IPDB not found, fall back to full compilation.
  All 5 functions were compiled because no usable IPDB/IOBJ from previous compilation was found.
  Finished generating code
  HelloWorld.vcxproj -> C:\Trainings\Windbg\Resources\Projects\Existing\WindbgIntro\ForBreakPoints\Release\HelloWorld.exe
